<?xml version="1.0" encoding="UTF-8"?>
<!-- Generated by org.testng.reporters.JUnitReportReporter -->
<testsuite hostname="ASUS" failures="0" tests="18" name="com.UrbanLadder.TestCases.Positive_Testing" time="146.327" errors="0" timestamp="2020-07-24T01:24:53 IST" skipped="0">
  <testcase classname="com.UrbanLadder.TestCases.Positive_Testing" name="Homepage" time="31.718"/>
  <system-out/>
  <testcase classname="com.UrbanLadder.TestCases.Positive_Testing" name="ImplicitWait" time="0.170"/>
  <system-out/>
  <testcase classname="com.UrbanLadder.TestCases.Positive_Testing" name="PopUpClose" time="0.304"/>
  <system-out/>
  <testcase classname="com.UrbanLadder.TestCases.Positive_Testing" name="Search_Bookshelves" time="2.898"/>
  <system-out/>
  <testcase classname="com.UrbanLadder.TestCases.Positive_Testing" name="SelectCategoryForBookshelves" time="4.164"/>
  <system-out/>
  <testcase classname="com.UrbanLadder.TestCases.Positive_Testing" name="Select_Bookshelf_Price" time="4.184"/>
  <system-out/>
  <testcase classname="com.UrbanLadder.TestCases.Positive_Testing" name="HoverOverStorageType" time="1.218"/>
  <system-out/>
  <testcase classname="com.UrbanLadder.TestCases.Positive_Testing" name="SelectOpenStorage" time="19.169"/>
  <system-out/>
  <testcase classname="com.UrbanLadder.TestCases.Positive_Testing" name="AssertionCheckForBookshelves" time="0.046"/>
  <system-out/>
  <testcase classname="com.UrbanLadder.TestCases.Positive_Testing" name="Bookshelves_ScreenShot" time="1.237"/>
  <system-out/>
  <testcase classname="com.UrbanLadder.TestCases.Positive_Testing" name="WriteExcelBookshelves" time="0.299"/>
  <system-out/>
  <testcase classname="com.UrbanLadder.TestCases.Positive_Testing" name="Search_StudyChairs" time="2.244"/>
  <system-out/>
  <testcase classname="com.UrbanLadder.TestCases.Positive_Testing" name="SelectCategoryForStudyChairs" time="5.132"/>
  <system-out/>
  <testcase classname="com.UrbanLadder.TestCases.Positive_Testing" name="AssertionCheckForStudyChairs" time="0.048"/>
  <system-out/>
  <testcase classname="com.UrbanLadder.TestCases.Positive_Testing" name="Study_Chairs_ScreenShot" time="1.220"/>
  <system-out/>
  <testcase classname="com.UrbanLadder.TestCases.Positive_Testing" name="WriteExcelChairs" time="1.201"/>
  <system-out/>
  <testcase classname="com.UrbanLadder.TestCases.Positive_Testing" name="Search_Table" time="56.696"/>
  <system-out/>
  <testcase classname="com.UrbanLadder.TestCases.Positive_Testing" name="Select_Table" time="14.379"/>
  <system-out/>
</testsuite> <!-- com.UrbanLadder.TestCases.Positive_Testing -->
