<?xml version="1.0" encoding="UTF-8"?>
<!-- Generated by org.testng.reporters.JUnitReportReporter -->
<testsuite hostname="ASUS" failures="0" tests="18" name="com.UrbanLadder.TestCases.Positive_Testing" time="95.889" errors="0" timestamp="2020-07-31T14:07:44 IST" skipped="0">
  <testcase classname="com.UrbanLadder.TestCases.Positive_Testing" name="Homepage" time="9.819"/>
  <system-out/>
  <testcase classname="com.UrbanLadder.TestCases.Positive_Testing" name="ImplicitWait" time="7.852"/>
  <system-out/>
  <testcase classname="com.UrbanLadder.TestCases.Positive_Testing" name="PopUpClose" time="0.184"/>
  <system-out/>
  <testcase classname="com.UrbanLadder.TestCases.Positive_Testing" name="Search_Bookshelves" time="3.966"/>
  <system-out/>
  <testcase classname="com.UrbanLadder.TestCases.Positive_Testing" name="SelectCategoryForBookshelves" time="4.253"/>
  <system-out/>
  <testcase classname="com.UrbanLadder.TestCases.Positive_Testing" name="Select_Bookshelf_Price" time="4.253"/>
  <system-out/>
  <testcase classname="com.UrbanLadder.TestCases.Positive_Testing" name="HoverOverStorageType" time="1.214"/>
  <system-out/>
  <testcase classname="com.UrbanLadder.TestCases.Positive_Testing" name="SelectOpenStorage" time="5.180"/>
  <system-out/>
  <testcase classname="com.UrbanLadder.TestCases.Positive_Testing" name="AssertionCheckForBookshelves" time="0.488"/>
  <system-out/>
  <testcase classname="com.UrbanLadder.TestCases.Positive_Testing" name="Bookshelves_ScreenShot" time="1.554"/>
  <system-out/>
  <testcase classname="com.UrbanLadder.TestCases.Positive_Testing" name="WriteExcelBookshelves" time="0.410"/>
  <system-out/>
  <testcase classname="com.UrbanLadder.TestCases.Positive_Testing" name="Search_StudyChairs" time="4.132"/>
  <system-out/>
  <testcase classname="com.UrbanLadder.TestCases.Positive_Testing" name="SelectCategoryForStudyChairs" time="5.222"/>
  <system-out/>
  <testcase classname="com.UrbanLadder.TestCases.Positive_Testing" name="AssertionCheckForStudyChairs" time="0.055"/>
  <system-out/>
  <testcase classname="com.UrbanLadder.TestCases.Positive_Testing" name="Study_Chairs_ScreenShot" time="1.492"/>
  <system-out/>
  <testcase classname="com.UrbanLadder.TestCases.Positive_Testing" name="WriteExcelChairs" time="1.398"/>
  <system-out/>
  <testcase classname="com.UrbanLadder.TestCases.Positive_Testing" name="Search_Table" time="31.455"/>
  <system-out/>
  <testcase classname="com.UrbanLadder.TestCases.Positive_Testing" name="Select_Table" time="12.962"/>
  <system-out/>
</testsuite> <!-- com.UrbanLadder.TestCases.Positive_Testing -->
