<?xml version="1.0" encoding="UTF-8"?>
<!-- Generated by org.testng.reporters.JUnitReportReporter -->
<testsuite hostname="LAPTOP-CEBP39CR" failures="0" tests="13" name="com.UrbanLadder.TestCases.TestElite" time="69.099" errors="0" timestamp="2020-07-17T00:57:08 IST" skipped="0">
  <testcase classname="com.UrbanLadder.TestCases.TestElite" name="Homepage" time="8.407"/>
  <system-out/>
  <testcase classname="com.UrbanLadder.TestCases.TestElite" name="ImplicitWait" time="9.687"/>
  <system-out/>
  <testcase classname="com.UrbanLadder.TestCases.TestElite" name="PopUpClose" time="0.089"/>
  <system-out/>
  <testcase classname="com.UrbanLadder.TestCases.TestElite" name="Search_Bookshelves" time="3.257"/>
  <system-out/>
  <testcase classname="com.UrbanLadder.TestCases.TestElite" name="Select_Bookshelf_Price" time="3.359"/>
  <system-out/>
  <testcase classname="com.UrbanLadder.TestCases.TestElite" name="HoverOverStorageType" time="0.150"/>
  <system-out/>
  <testcase classname="com.UrbanLadder.TestCases.TestElite" name="SelectOpenStorage" time="6.116"/>
  <system-out/>
  <testcase classname="com.UrbanLadder.TestCases.TestElite" name="WriteExcelBookshelves" time="0.371"/>
  <system-out/>
  <testcase classname="com.UrbanLadder.TestCases.TestElite" name="Search_StudyChairs" time="1.250"/>
  <system-out/>
  <testcase classname="com.UrbanLadder.TestCases.TestElite" name="Study_Chairs_ScreenShot" time="0.540"/>
  <system-out/>
  <testcase classname="com.UrbanLadder.TestCases.TestElite" name="WriteExcelChairs" time="1.289"/>
  <system-out/>
  <testcase classname="com.UrbanLadder.TestCases.TestElite" name="Search_Table" time="25.896"/>
  <system-out/>
  <testcase classname="com.UrbanLadder.TestCases.TestElite" name="Select_Table" time="8.688"/>
  <system-out/>
</testsuite> <!-- com.UrbanLadder.TestCases.TestElite -->
