<?xml version="1.0" encoding="UTF-8"?>
<!-- Generated by org.testng.reporters.JUnitReportReporter -->
<testsuite hostname="ASUS" failures="0" tests="2" name="com.UrbanLadder.TestCases.Negative_Testing" time="65.647" errors="0" timestamp="2020-07-31T14:07:44 IST" skipped="0">
  <testcase classname="com.UrbanLadder.TestCases.Negative_Testing" name="Negative_Testing_SignUpPopup" time="39.013"/>
  <system-out/>
  <testcase classname="com.UrbanLadder.TestCases.Negative_Testing" name="Negative_Testing__TrackOrders" time="26.634"/>
  <system-out/>
</testsuite> <!-- com.UrbanLadder.TestCases.Negative_Testing -->
