<?xml version="1.0" encoding="UTF-8"?>
<!-- Generated by org.testng.reporters.JUnitReportReporter -->
<testsuite hostname="LAPTOP-CEBP39CR" failures="0" tests="2" name="com.UrbanLadder.TestCases.Negative_Testing" time="51.802" errors="0" timestamp="28 Jul 2020 07:35:37 GMT" skipped="0">
  <testcase classname="com.UrbanLadder.TestCases.Negative_Testing" name="Negative_Testing_SignUpPopup" time="25.825"/>
  <testcase classname="com.UrbanLadder.TestCases.Negative_Testing" name="Negative_Testing__TrackOrders" time="25.977"/>
</testsuite> <!-- com.UrbanLadder.TestCases.Negative_Testing -->
