<?xml version="1.0" encoding="UTF-8"?>
<!-- Generated by org.testng.reporters.JUnitReportReporter -->
<testsuite hostname="ASUS" failures="0" tests="18" name="com.UrbanLadder.TestCases.Positive_Testing" time="93.504" errors="0" timestamp="23 Jul 2020 18:58:36 GMT" skipped="0">
  <testcase classname="com.UrbanLadder.TestCases.Positive_Testing" name="Homepage" time="10.424"/>
  <testcase classname="com.UrbanLadder.TestCases.Positive_Testing" name="ImplicitWait" time="7.240"/>
  <testcase classname="com.UrbanLadder.TestCases.Positive_Testing" name="PopUpClose" time="0.185"/>
  <testcase classname="com.UrbanLadder.TestCases.Positive_Testing" name="Search_Bookshelves" time="2.662"/>
  <testcase classname="com.UrbanLadder.TestCases.Positive_Testing" name="SelectCategoryForBookshelves" time="4.320"/>
  <testcase classname="com.UrbanLadder.TestCases.Positive_Testing" name="Select_Bookshelf_Price" time="4.421"/>
  <testcase classname="com.UrbanLadder.TestCases.Positive_Testing" name="HoverOverStorageType" time="1.242"/>
  <testcase classname="com.UrbanLadder.TestCases.Positive_Testing" name="SelectOpenStorage" time="6.690"/>
  <testcase classname="com.UrbanLadder.TestCases.Positive_Testing" name="AssertionCheckForBookshelves" time="0.085"/>
  <testcase classname="com.UrbanLadder.TestCases.Positive_Testing" name="Bookshelves_ScreenShot" time="1.569"/>
  <testcase classname="com.UrbanLadder.TestCases.Positive_Testing" name="WriteExcelBookshelves" time="0.550"/>
  <testcase classname="com.UrbanLadder.TestCases.Positive_Testing" name="Search_StudyChairs" time="4.130"/>
  <testcase classname="com.UrbanLadder.TestCases.Positive_Testing" name="SelectCategoryForStudyChairs" time="5.300"/>
  <testcase classname="com.UrbanLadder.TestCases.Positive_Testing" name="AssertionCheckForStudyChairs" time="0.083"/>
  <testcase classname="com.UrbanLadder.TestCases.Positive_Testing" name="Study_Chairs_ScreenShot" time="1.546"/>
  <testcase classname="com.UrbanLadder.TestCases.Positive_Testing" name="WriteExcelChairs" time="1.484"/>
  <testcase classname="com.UrbanLadder.TestCases.Positive_Testing" name="Search_Table" time="29.730"/>
  <testcase classname="com.UrbanLadder.TestCases.Positive_Testing" name="Select_Table" time="11.843"/>
</testsuite> <!-- com.UrbanLadder.TestCases.Positive_Testing -->
